[2024-12-12 13:07:27.043] (INFO) - calendar.ts - Transforming entries for 4 accounts
[2024-12-12 13:07:27.045] (DEBUG) - calendar.ts - Creating event for account 2354784: Buy Cake
[2024-12-12 13:07:27.046] (DEBUG) - calendar.ts - Creating event for account 2354784: Study
[2024-12-12 13:07:27.047] (DEBUG) - calendar.ts - Creating event for account 5738946: Yoga Class
[2024-12-12 13:07:27.047] (DEBUG) - calendar.ts - Creating event for account 5738946: Team Meeting
[2024-12-12 13:07:27.047] (DEBUG) - calendar.ts - Creating event for account 9845632: Doctor's Appointment
[2024-12-12 13:07:27.048] (DEBUG) - calendar.ts - Creating event for account 9845632: Dinner with Family
[2024-12-12 13:07:27.048] (DEBUG) - calendar.ts - Creating event for account 1234567: Lunch with Friends
[2024-12-12 13:07:27.049] (DEBUG) - calendar.ts - Creating event for account 1234567: Conference Call
[2024-12-12 13:20:30.198] (INFO) - calendar.ts - Transforming entries for 4 accounts
[2024-12-12 13:20:30.201] (DEBUG) - calendar.ts - Creating event for account 2354784: Buy Cake
[2024-12-12 13:20:30.202] (DEBUG) - calendar.ts - Creating event for account 2354784: Study
[2024-12-12 13:20:30.204] (DEBUG) - calendar.ts - Creating event for account 5738946: Yoga Class
[2024-12-12 13:20:30.205] (DEBUG) - calendar.ts - Creating event for account 5738946: Team Meeting
[2024-12-12 13:20:30.206] (DEBUG) - calendar.ts - Creating event for account 9845632: Doctor's Appointment
[2024-12-12 13:20:30.207] (DEBUG) - calendar.ts - Creating event for account 9845632: Dinner with Family
[2024-12-12 13:20:30.208] (DEBUG) - calendar.ts - Creating event for account 1234567: Lunch with Friends
[2024-12-12 13:20:30.209] (DEBUG) - calendar.ts - Creating event for account 1234567: Conference Call
[2024-12-12 13:21:51.689] (INFO) - calendar.ts - Transforming entries for 4 accounts
[2024-12-12 13:21:51.690] (DEBUG) - calendar.ts - Creating event for account 2354784: Buy Cake
[2024-12-12 13:21:51.691] (DEBUG) - calendar.ts - Creating event for account 2354784: Study
[2024-12-12 13:21:51.692] (DEBUG) - calendar.ts - Creating event for account 5738946: Yoga Class
[2024-12-12 13:21:51.692] (DEBUG) - calendar.ts - Creating event for account 5738946: Team Meeting
[2024-12-12 13:21:51.693] (DEBUG) - calendar.ts - Creating event for account 9845632: Doctor's Appointment
[2024-12-12 13:21:51.693] (DEBUG) - calendar.ts - Creating event for account 9845632: Dinner with Family
[2024-12-12 13:21:51.694] (DEBUG) - calendar.ts - Creating event for account 1234567: Lunch with Friends
[2024-12-12 13:21:51.694] (DEBUG) - calendar.ts - Creating event for account 1234567: Conference Call
[2024-12-12 13:26:32.939] (INFO) - calendar.ts - Transforming entries for 4 accounts
[2024-12-12 13:26:32.941] (DEBUG) - calendar.ts - Creating event for account 2354784: Buy Cake
[2024-12-12 13:26:32.941] (DEBUG) - calendar.ts - Creating event for account 2354784: Study
[2024-12-12 13:26:32.943] (DEBUG) - calendar.ts - Creating event for account 5738946: Yoga Class
[2024-12-12 13:26:32.943] (DEBUG) - calendar.ts - Creating event for account 5738946: Team Meeting
[2024-12-12 13:26:32.944] (DEBUG) - calendar.ts - Creating event for account 9845632: Doctor's Appointment
[2024-12-12 13:26:32.944] (DEBUG) - calendar.ts - Creating event for account 9845632: Dinner with Family
[2024-12-12 13:26:32.945] (DEBUG) - calendar.ts - Creating event for account 1234567: Lunch with Friends
[2024-12-12 13:26:32.945] (DEBUG) - calendar.ts - Creating event for account 1234567: Conference Call
