[2024-12-10 22:23:14.722] (INFO) - calendar.ts - Transforming entries for 4 accounts
[2024-12-10 22:23:14.727] (DEBUG) - calendar.ts - Getting color for index: 0
[2024-12-10 22:23:14.729] (DEBUG) - calendar.ts - Creating event for account 2354784: Buy Cake
[2024-12-10 22:23:14.729] (DEBUG) - calendar.ts - Creating event for account 2354784: Study
[2024-12-10 22:23:14.730] (DEBUG) - calendar.ts - Getting color for index: 1
[2024-12-10 22:23:14.730] (DEBUG) - calendar.ts - Creating event for account 5738946: Yoga Class
[2024-12-10 22:23:14.731] (DEBUG) - calendar.ts - Creating event for account 5738946: Team Meeting
[2024-12-10 22:23:14.731] (DEBUG) - calendar.ts - Getting color for index: 2
[2024-12-10 22:23:14.732] (DEBUG) - calendar.ts - Creating event for account 9845632: Doctor's Appointment
[2024-12-10 22:23:14.732] (DEBUG) - calendar.ts - Creating event for account 9845632: Dinner with Family
[2024-12-10 22:23:14.733] (DEBUG) - calendar.ts - Getting color for index: 3
[2024-12-10 22:23:14.733] (DEBUG) - calendar.ts - Creating event for account 1234567: Lunch with Friends
[2024-12-10 22:23:14.734] (DEBUG) - calendar.ts - Creating event for account 1234567: Conference Call
[2024-12-10 22:23:34.079] (INFO) - calendar.ts - Transforming entries for 4 accounts
[2024-12-10 22:23:34.081] (DEBUG) - calendar.ts - Getting color for index: 0
[2024-12-10 22:23:34.082] (DEBUG) - calendar.ts - Creating event for account 2354784: Buy Cake
[2024-12-10 22:23:34.083] (DEBUG) - calendar.ts - Creating event for account 2354784: Study
[2024-12-10 22:23:34.084] (DEBUG) - calendar.ts - Getting color for index: 1
[2024-12-10 22:23:34.085] (DEBUG) - calendar.ts - Creating event for account 5738946: Yoga Class
[2024-12-10 22:23:34.087] (DEBUG) - calendar.ts - Creating event for account 5738946: Team Meeting
[2024-12-10 22:23:34.088] (DEBUG) - calendar.ts - Getting color for index: 2
[2024-12-10 22:23:34.089] (DEBUG) - calendar.ts - Creating event for account 9845632: Doctor's Appointment
[2024-12-10 22:23:34.090] (DEBUG) - calendar.ts - Creating event for account 9845632: Dinner with Family
[2024-12-10 22:23:34.092] (DEBUG) - calendar.ts - Getting color for index: 3
[2024-12-10 22:23:34.093] (DEBUG) - calendar.ts - Creating event for account 1234567: Lunch with Friends
[2024-12-10 22:23:34.094] (DEBUG) - calendar.ts - Creating event for account 1234567: Conference Call
[2024-12-10 22:29:07.734] (INFO) - calendar.ts - Transforming entries for 4 accounts
[2024-12-10 22:29:07.738] (DEBUG) - calendar.ts - Creating event for account 2354784: Buy Cake
[2024-12-10 22:29:07.739] (DEBUG) - calendar.ts - Creating event for account 2354784: Study
[2024-12-10 22:29:07.740] (DEBUG) - calendar.ts - Creating event for account 5738946: Yoga Class
[2024-12-10 22:29:07.741] (DEBUG) - calendar.ts - Creating event for account 5738946: Team Meeting
[2024-12-10 22:29:07.742] (DEBUG) - calendar.ts - Creating event for account 9845632: Doctor's Appointment
[2024-12-10 22:29:07.742] (DEBUG) - calendar.ts - Creating event for account 9845632: Dinner with Family
[2024-12-10 22:29:07.743] (DEBUG) - calendar.ts - Creating event for account 1234567: Lunch with Friends
[2024-12-10 22:29:07.743] (DEBUG) - calendar.ts - Creating event for account 1234567: Conference Call
[2024-12-10 22:32:37.981] (INFO) - calendar.ts - Transforming entries for 4 accounts
[2024-12-10 22:32:37.981] (DEBUG) - calendar.ts - Creating event for account 2354784: Buy Cake
[2024-12-10 22:32:37.982] (DEBUG) - calendar.ts - Creating event for account 2354784: Study
[2024-12-10 22:32:37.983] (DEBUG) - calendar.ts - Creating event for account 5738946: Yoga Class
[2024-12-10 22:32:37.983] (DEBUG) - calendar.ts - Creating event for account 5738946: Team Meeting
[2024-12-10 22:32:37.984] (DEBUG) - calendar.ts - Creating event for account 9845632: Doctor's Appointment
[2024-12-10 22:32:37.984] (DEBUG) - calendar.ts - Creating event for account 9845632: Dinner with Family
[2024-12-10 22:32:37.985] (DEBUG) - calendar.ts - Creating event for account 1234567: Lunch with Friends
[2024-12-10 22:32:37.985] (DEBUG) - calendar.ts - Creating event for account 1234567: Conference Call
[2024-12-10 22:44:23.788] (INFO) - calendar.ts - Transforming entries for 4 accounts
[2024-12-10 22:44:23.803] (DEBUG) - calendar.ts - Creating event for account 2354784: Buy Cake
[2024-12-10 22:44:23.805] (DEBUG) - calendar.ts - Creating event for account 2354784: Study
[2024-12-10 22:44:23.808] (DEBUG) - calendar.ts - Creating event for account 5738946: Yoga Class
[2024-12-10 22:44:23.810] (DEBUG) - calendar.ts - Creating event for account 5738946: Team Meeting
[2024-12-10 22:44:23.813] (DEBUG) - calendar.ts - Creating event for account 9845632: Doctor's Appointment
[2024-12-10 22:44:23.816] (DEBUG) - calendar.ts - Creating event for account 9845632: Dinner with Family
[2024-12-10 22:44:23.819] (DEBUG) - calendar.ts - Creating event for account 1234567: Lunch with Friends
[2024-12-10 22:44:23.822] (DEBUG) - calendar.ts - Creating event for account 1234567: Conference Call
