Logger initialized
[2024-12-27 15:39:33.515] (INFO) - api/calendar/route.ts - Calendar API request received
[2024-12-27 15:39:33.520] (DEBUG) - api/calendar/route.ts - Database connection successful
[2024-12-27 15:39:33.521] (DEBUG) - api/calendar/route.ts - Fetching active users
[2024-12-27 15:39:34.119] (DEBUG) - api/calendar/route.ts - Found 4 active users
[2024-12-27 15:39:34.120] (DEBUG) - api/calendar/route.ts - Fetching calendar entries for users
[2024-12-27 15:39:34.733] (DEBUG) - api/calendar/route.ts - Found 11 calendar entries
[2024-12-27 15:39:34.734] (DEBUG) - api/calendar/route.ts - Grouping calendar entries by user
[2024-12-27 15:39:34.739] (DEBUG) - api/calendar/route.ts - User calendar map content: {
  "a1b2c3d4-e5f6-7890-ab12-cdef34567890": [
    {
      "uid": "e1f2a3b4-c5d6-789e-ab12-cdef34567894",
      "user_uid": "a1b2c3d4-e5f6-7890-ab12-cdef34567890",
      "startdate": "2024-12-01T15:30:00.000Z",
      "enddate": "2024-12-01T16:30:00.000Z",
      "description": "Buy Cake",
      "title": "Work 1"
    },
    {
      "uid": "f1a2b3c4-d5e6-789f-ab12-cdef34567895",
      "user_uid": "a1b2c3d4-e5f6-7890-ab12-cdef34567890",
      "startdate": "2024-12-11T08:30:00.000Z",
      "enddate": "2024-12-11T09:30:00.000Z",
      "description": "Study",
      "title": "Work 2"
    },
    {
      "uid": "96da3088-fea8-4d13-a66a-b7f80eae348a",
      "user_uid": "a1b2c3d4-e5f6-7890-ab12-cdef34567890",
      "startdate": "2024-12-16T11:00:00.000Z",
      "enddate": "2024-12-16T11:30:00.000Z",
      "description": "description",
      "title": "Jan Test smart"
    },
    {
      "uid": "70c2d9b3-b5d1-45d6-965d-47624bc88f22",
      "user_uid": "a1b2c3d4-e5f6-7890-ab12-cdef34567890",
      "startdate": "2024-12-25T11:00:00.000Z",
      "enddate": "2024-12-25T12:00:00.000Z",
      "description": "Heya There",
      "title": "Test"
    }
  ],
  "c1d2e3f4-a5b6-789c-ab12-cdef34567892": [
    {
      "uid": "c2d3e4f5-a7b8-7892-ab12-cdef34567898",
      "user_uid": "c1d2e3f4-a5b6-789c-ab12-cdef34567892",
      "startdate": "2024-12-05T09:00:00.000Z",
      "enddate": "2024-12-05T10:00:00.000Z",
      "description": "Doctor's Appointment",
      "title": "Work 5"
    },
    {
      "uid": "d2e3f4a5-b7c8-7893-ab12-cdef34567899",
      "user_uid": "c1d2e3f4-a5b6-789c-ab12-cdef34567892",
      "startdate": "2024-12-07T18:30:00.000Z",
      "enddate": "2024-12-07T19:30:00.000Z",
      "description": "Dinner with Family",
      "title": "Work 6"
    },
    {
      "uid": "beba64c3-ca6c-4f0f-851c-d006c1eb1474",
      "user_uid": "c1d2e3f4-a5b6-789c-ab12-cdef34567892",
      "startdate": "2024-12-17T08:30:00.000Z",
      "enddate": "2024-12-17T09:00:00.000Z",
      "description": "Snake Bite and Bike thing",
      "title": "The Jefferson"
    }
  ],
  "d1e2f3a4-b5c6-789d-ab12-cdef34567893": [
    {
      "uid": "e2f3a4b5-c7d8-7894-ab12-cdef3456789a",
      "user_uid": "d1e2f3a4-b5c6-789d-ab12-cdef34567893",
      "startdate": "2024-12-15T13:00:00.000Z",
      "enddate": "2024-12-15T14:00:00.000Z",
      "description": "Lunch with Friends",
      "title": "Work 7"
    },
    {
      "uid": "f2a3b4c5-d7e8-7895-ab12-cdef3456789b",
      "user_uid": "d1e2f3a4-b5c6-789d-ab12-cdef34567893",
      "startdate": "2024-12-21T11:30:00.000Z",
      "enddate": "2024-12-21T12:30:00.000Z",
      "description": "Conference Call",
      "title": "Work 8"
    }
  ],
  "b1c2d3e4-f5a6-789b-ab12-cdef34567891": [
    {
      "uid": "4313bb55-bb05-4c0e-8bf5-15d62619de51",
      "user_uid": "b1c2d3e4-f5a6-789b-ab12-cdef34567891",
      "startdate": "2024-12-26T17:00:00.000Z",
      "enddate": "2024-12-26T18:00:00.000Z",
      "description": "description",
      "title": "Jeff Guy knee injury"
    },
    {
      "uid": "d9774500-fb5d-4872-9ff5-c2cf0e4c393b",
      "user_uid": "b1c2d3e4-f5a6-789b-ab12-cdef34567891",
      "startdate": "2024-12-19T08:30:00.000Z",
      "enddate": "2024-12-19T14:00:00.000Z",
      "description": "desc",
      "title": "titlle"
    }
  ]
}
[2024-12-27 15:39:34.740] (DEBUG) - api/calendar/route.ts - Transforming data to required format
[2024-12-27 15:39:34.741] (DEBUG) - api/calendar/route.ts - Accounts content: [
  {
    "AccountID": "a1b2c3d4-e5f6-7890-ab12-cdef34567890",
    "Name": "Jan",
    "Calendar-Entries": [
      {
        "uid": "e1f2a3b4-c5d6-789e-ab12-cdef34567894",
        "startdate": "2024-12-01T15:30:00.000Z",
        "enddate": "2024-12-01T16:30:00.000Z",
        "title": "Work 1",
        "description": "Buy Cake",
        "length": "0"
      },
      {
        "uid": "f1a2b3c4-d5e6-789f-ab12-cdef34567895",
        "startdate": "2024-12-11T08:30:00.000Z",
        "enddate": "2024-12-11T09:30:00.000Z",
        "title": "Work 2",
        "description": "Study",
        "length": "0"
      },
      {
        "uid": "96da3088-fea8-4d13-a66a-b7f80eae348a",
        "startdate": "2024-12-16T11:00:00.000Z",
        "enddate": "2024-12-16T11:30:00.000Z",
        "title": "Jan Test smart",
        "description": "description",
        "length": "0"
      },
      {
        "uid": "70c2d9b3-b5d1-45d6-965d-47624bc88f22",
        "startdate": "2024-12-25T11:00:00.000Z",
        "enddate": "2024-12-25T12:00:00.000Z",
        "title": "Test",
        "description": "Heya There",
        "length": "0"
      }
    ],
    "color": "bg-blue-500"
  },
  {
    "AccountID": "b1c2d3e4-f5a6-789b-ab12-cdef34567891",
    "Name": "Sara",
    "Calendar-Entries": [
      {
        "uid": "4313bb55-bb05-4c0e-8bf5-15d62619de51",
        "startdate": "2024-12-26T17:00:00.000Z",
        "enddate": "2024-12-26T18:00:00.000Z",
        "title": "Jeff Guy knee injury",
        "description": "description",
        "length": "0"
      },
      {
        "uid": "d9774500-fb5d-4872-9ff5-c2cf0e4c393b",
        "startdate": "2024-12-19T08:30:00.000Z",
        "enddate": "2024-12-19T14:00:00.000Z",
        "title": "titlle",
        "description": "desc",
        "length": "0"
      }
    ],
    "color": "bg-green-500"
  },
  {
    "AccountID": "c1d2e3f4-a5b6-789c-ab12-cdef34567892",
    "Name": "Mike",
    "Calendar-Entries": [
      {
        "uid": "c2d3e4f5-a7b8-7892-ab12-cdef34567898",
        "startdate": "2024-12-05T09:00:00.000Z",
        "enddate": "2024-12-05T10:00:00.000Z",
        "title": "Work 5",
        "description": "Doctor's Appointment",
        "length": "0"
      },
      {
        "uid": "d2e3f4a5-b7c8-7893-ab12-cdef34567899",
        "startdate": "2024-12-07T18:30:00.000Z",
        "enddate": "2024-12-07T19:30:00.000Z",
        "title": "Work 6",
        "description": "Dinner with Family",
        "length": "0"
      },
      {
        "uid": "beba64c3-ca6c-4f0f-851c-d006c1eb1474",
        "startdate": "2024-12-17T08:30:00.000Z",
        "enddate": "2024-12-17T09:00:00.000Z",
        "title": "The Jefferson",
        "description": "Snake Bite and Bike thing",
        "length": "0"
      }
    ],
    "color": "bg-purple-500"
  },
  {
    "AccountID": "d1e2f3a4-b5c6-789d-ab12-cdef34567893",
    "Name": "Anna",
    "Calendar-Entries": [
      {
        "uid": "e2f3a4b5-c7d8-7894-ab12-cdef3456789a",
        "startdate": "2024-12-15T13:00:00.000Z",
        "enddate": "2024-12-15T14:00:00.000Z",
        "title": "Work 7",
        "description": "Lunch with Friends",
        "length": "0"
      },
      {
        "uid": "f2a3b4c5-d7e8-7895-ab12-cdef3456789b",
        "startdate": "2024-12-21T11:30:00.000Z",
        "enddate": "2024-12-21T12:30:00.000Z",
        "title": "Work 8",
        "description": "Conference Call",
        "length": "0"
      }
    ],
    "color": "bg-orange-500"
  }
]
[2024-12-27 15:39:34.742] (INFO) - api/calendar/route.ts - Events content: [
  {
    "id": "e1f2a3b4-c5d6-789e-ab12-cdef34567894",
    "title": "Work 1",
    "description": "Buy Cake",
    "start": "2024-12-01T15:30:00.000Z",
    "end": "2024-12-01T16:30:00.000Z",
    "accountId": "a1b2c3d4-e5f6-7890-ab12-cdef34567890",
    "accountName": "Jan",
    "color": "bg-blue-500"
  },
  {
    "id": "f1a2b3c4-d5e6-789f-ab12-cdef34567895",
    "title": "Work 2",
    "description": "Study",
    "start": "2024-12-11T08:30:00.000Z",
    "end": "2024-12-11T09:30:00.000Z",
    "accountId": "a1b2c3d4-e5f6-7890-ab12-cdef34567890",
    "accountName": "Jan",
    "color": "bg-blue-500"
  },
  {
    "id": "96da3088-fea8-4d13-a66a-b7f80eae348a",
    "title": "Jan Test smart",
    "description": "description",
    "start": "2024-12-16T11:00:00.000Z",
    "end": "2024-12-16T11:30:00.000Z",
    "accountId": "a1b2c3d4-e5f6-7890-ab12-cdef34567890",
    "accountName": "Jan",
    "color": "bg-blue-500"
  },
  {
    "id": "70c2d9b3-b5d1-45d6-965d-47624bc88f22",
    "title": "Test",
    "description": "Heya There",
    "start": "2024-12-25T11:00:00.000Z",
    "end": "2024-12-25T12:00:00.000Z",
    "accountId": "a1b2c3d4-e5f6-7890-ab12-cdef34567890",
    "accountName": "Jan",
    "color": "bg-blue-500"
  },
  {
    "id": "4313bb55-bb05-4c0e-8bf5-15d62619de51",
    "title": "Jeff Guy knee injury",
    "description": "description",
    "start": "2024-12-26T17:00:00.000Z",
    "end": "2024-12-26T18:00:00.000Z",
    "accountId": "b1c2d3e4-f5a6-789b-ab12-cdef34567891",
    "accountName": "Sara",
    "color": "bg-green-500"
  },
  {
    "id": "d9774500-fb5d-4872-9ff5-c2cf0e4c393b",
    "title": "titlle",
    "description": "desc",
    "start": "2024-12-19T08:30:00.000Z",
    "end": "2024-12-19T14:00:00.000Z",
    "accountId": "b1c2d3e4-f5a6-789b-ab12-cdef34567891",
    "accountName": "Sara",
    "color": "bg-green-500"
  },
  {
    "id": "c2d3e4f5-a7b8-7892-ab12-cdef34567898",
    "title": "Work 5",
    "description": "Doctor's Appointment",
    "start": "2024-12-05T09:00:00.000Z",
    "end": "2024-12-05T10:00:00.000Z",
    "accountId": "c1d2e3f4-a5b6-789c-ab12-cdef34567892",
    "accountName": "Mike",
    "color": "bg-purple-500"
  },
  {
    "id": "d2e3f4a5-b7c8-7893-ab12-cdef34567899",
    "title": "Work 6",
    "description": "Dinner with Family",
    "start": "2024-12-07T18:30:00.000Z",
    "end": "2024-12-07T19:30:00.000Z",
    "accountId": "c1d2e3f4-a5b6-789c-ab12-cdef34567892",
    "accountName": "Mike",
    "color": "bg-purple-500"
  },
  {
    "id": "beba64c3-ca6c-4f0f-851c-d006c1eb1474",
    "title": "The Jefferson",
    "description": "Snake Bite and Bike thing",
    "start": "2024-12-17T08:30:00.000Z",
    "end": "2024-12-17T09:00:00.000Z",
    "accountId": "c1d2e3f4-a5b6-789c-ab12-cdef34567892",
    "accountName": "Mike",
    "color": "bg-purple-500"
  },
  {
    "id": "e2f3a4b5-c7d8-7894-ab12-cdef3456789a",
    "title": "Work 7",
    "description": "Lunch with Friends",
    "start": "2024-12-15T13:00:00.000Z",
    "end": "2024-12-15T14:00:00.000Z",
    "accountId": "d1e2f3a4-b5c6-789d-ab12-cdef34567893",
    "accountName": "Anna",
    "color": "bg-orange-500"
  },
  {
    "id": "f2a3b4c5-d7e8-7895-ab12-cdef3456789b",
    "title": "Work 8",
    "description": "Conference Call",
    "start": "2024-12-21T11:30:00.000Z",
    "end": "2024-12-21T12:30:00.000Z",
    "accountId": "d1e2f3a4-b5c6-789d-ab12-cdef34567893",
    "accountName": "Anna",
    "color": "bg-orange-500"
  }
]
[2024-12-27 15:39:34.743] (DEBUG) - api/calendar/route.ts - Transformed 11 calendar events
[2024-12-27 15:39:34.743] (INFO) - api/calendar/route.ts - Calendar data successfully retrieved
Logger initialized
[2024-12-27 18:46:58.386] (INFO) - api/calendar/route.ts - Calendar API request received
[2024-12-27 18:47:01.033] (DEBUG) - api/calendar/route.ts - Database connection successful
[2024-12-27 18:47:01.039] (DEBUG) - api/calendar/route.ts - Fetching active users
[2024-12-27 18:47:01.658] (DEBUG) - api/calendar/route.ts - Found 4 active users
[2024-12-27 18:47:01.661] (DEBUG) - api/calendar/route.ts - Fetching calendar entries for users
[2024-12-27 18:47:02.262] (DEBUG) - api/calendar/route.ts - Found 11 calendar entries
[2024-12-27 18:47:02.268] (DEBUG) - api/calendar/route.ts - Grouping calendar entries by user
[2024-12-27 18:47:02.271] (DEBUG) - api/calendar/route.ts - User calendar map content: {
  "a1b2c3d4-e5f6-7890-ab12-cdef34567890": [
    {
      "uid": "e1f2a3b4-c5d6-789e-ab12-cdef34567894",
      "user_uid": "a1b2c3d4-e5f6-7890-ab12-cdef34567890",
      "startdate": "2024-12-01T15:30:00.000Z",
      "enddate": "2024-12-01T16:30:00.000Z",
      "description": "Buy Cake",
      "title": "Work 1"
    },
    {
      "uid": "f1a2b3c4-d5e6-789f-ab12-cdef34567895",
      "user_uid": "a1b2c3d4-e5f6-7890-ab12-cdef34567890",
      "startdate": "2024-12-11T08:30:00.000Z",
      "enddate": "2024-12-11T09:30:00.000Z",
      "description": "Study",
      "title": "Work 2"
    },
    {
      "uid": "96da3088-fea8-4d13-a66a-b7f80eae348a",
      "user_uid": "a1b2c3d4-e5f6-7890-ab12-cdef34567890",
      "startdate": "2024-12-16T11:00:00.000Z",
      "enddate": "2024-12-16T11:30:00.000Z",
      "description": "description",
      "title": "Jan Test smart"
    },
    {
      "uid": "70c2d9b3-b5d1-45d6-965d-47624bc88f22",
      "user_uid": "a1b2c3d4-e5f6-7890-ab12-cdef34567890",
      "startdate": "2024-12-25T11:00:00.000Z",
      "enddate": "2024-12-25T12:00:00.000Z",
      "description": "Heya There",
      "title": "Test"
    }
  ],
  "c1d2e3f4-a5b6-789c-ab12-cdef34567892": [
    {
      "uid": "c2d3e4f5-a7b8-7892-ab12-cdef34567898",
      "user_uid": "c1d2e3f4-a5b6-789c-ab12-cdef34567892",
      "startdate": "2024-12-05T09:00:00.000Z",
      "enddate": "2024-12-05T10:00:00.000Z",
      "description": "Doctor's Appointment",
      "title": "Work 5"
    },
    {
      "uid": "d2e3f4a5-b7c8-7893-ab12-cdef34567899",
      "user_uid": "c1d2e3f4-a5b6-789c-ab12-cdef34567892",
      "startdate": "2024-12-07T18:30:00.000Z",
      "enddate": "2024-12-07T19:30:00.000Z",
      "description": "Dinner with Family",
      "title": "Work 6"
    },
    {
      "uid": "beba64c3-ca6c-4f0f-851c-d006c1eb1474",
      "user_uid": "c1d2e3f4-a5b6-789c-ab12-cdef34567892",
      "startdate": "2024-12-17T08:30:00.000Z",
      "enddate": "2024-12-17T09:00:00.000Z",
      "description": "Snake Bite and Bike thing",
      "title": "The Jefferson"
    }
  ],
  "d1e2f3a4-b5c6-789d-ab12-cdef34567893": [
    {
      "uid": "e2f3a4b5-c7d8-7894-ab12-cdef3456789a",
      "user_uid": "d1e2f3a4-b5c6-789d-ab12-cdef34567893",
      "startdate": "2024-12-15T13:00:00.000Z",
      "enddate": "2024-12-15T14:00:00.000Z",
      "description": "Lunch with Friends",
      "title": "Work 7"
    },
    {
      "uid": "f2a3b4c5-d7e8-7895-ab12-cdef3456789b",
      "user_uid": "d1e2f3a4-b5c6-789d-ab12-cdef34567893",
      "startdate": "2024-12-21T11:30:00.000Z",
      "enddate": "2024-12-21T12:30:00.000Z",
      "description": "Conference Call",
      "title": "Work 8"
    }
  ],
  "b1c2d3e4-f5a6-789b-ab12-cdef34567891": [
    {
      "uid": "4313bb55-bb05-4c0e-8bf5-15d62619de51",
      "user_uid": "b1c2d3e4-f5a6-789b-ab12-cdef34567891",
      "startdate": "2024-12-26T17:00:00.000Z",
      "enddate": "2024-12-26T18:00:00.000Z",
      "description": "description",
      "title": "Jeff Guy knee injury"
    },
    {
      "uid": "d9774500-fb5d-4872-9ff5-c2cf0e4c393b",
      "user_uid": "b1c2d3e4-f5a6-789b-ab12-cdef34567891",
      "startdate": "2024-12-19T08:30:00.000Z",
      "enddate": "2024-12-19T14:00:00.000Z",
      "description": "desc",
      "title": "titlle"
    }
  ]
}
[2024-12-27 18:47:02.273] (DEBUG) - api/calendar/route.ts - Transforming data to required format
[2024-12-27 18:47:02.279] (DEBUG) - api/calendar/route.ts - Accounts content: [
  {
    "AccountID": "a1b2c3d4-e5f6-7890-ab12-cdef34567890",
    "Name": "Jan",
    "Calendar-Entries": [
      {
        "uid": "e1f2a3b4-c5d6-789e-ab12-cdef34567894",
        "startdate": "2024-12-01T15:30:00.000Z",
        "enddate": "2024-12-01T16:30:00.000Z",
        "title": "Work 1",
        "description": "Buy Cake",
        "length": "0"
      },
      {
        "uid": "f1a2b3c4-d5e6-789f-ab12-cdef34567895",
        "startdate": "2024-12-11T08:30:00.000Z",
        "enddate": "2024-12-11T09:30:00.000Z",
        "title": "Work 2",
        "description": "Study",
        "length": "0"
      },
      {
        "uid": "96da3088-fea8-4d13-a66a-b7f80eae348a",
        "startdate": "2024-12-16T11:00:00.000Z",
        "enddate": "2024-12-16T11:30:00.000Z",
        "title": "Jan Test smart",
        "description": "description",
        "length": "0"
      },
      {
        "uid": "70c2d9b3-b5d1-45d6-965d-47624bc88f22",
        "startdate": "2024-12-25T11:00:00.000Z",
        "enddate": "2024-12-25T12:00:00.000Z",
        "title": "Test",
        "description": "Heya There",
        "length": "0"
      }
    ],
    "color": "bg-blue-500"
  },
  {
    "AccountID": "b1c2d3e4-f5a6-789b-ab12-cdef34567891",
    "Name": "Sara",
    "Calendar-Entries": [
      {
        "uid": "4313bb55-bb05-4c0e-8bf5-15d62619de51",
        "startdate": "2024-12-26T17:00:00.000Z",
        "enddate": "2024-12-26T18:00:00.000Z",
        "title": "Jeff Guy knee injury",
        "description": "description",
        "length": "0"
      },
      {
        "uid": "d9774500-fb5d-4872-9ff5-c2cf0e4c393b",
        "startdate": "2024-12-19T08:30:00.000Z",
        "enddate": "2024-12-19T14:00:00.000Z",
        "title": "titlle",
        "description": "desc",
        "length": "0"
      }
    ],
    "color": "bg-green-500"
  },
  {
    "AccountID": "c1d2e3f4-a5b6-789c-ab12-cdef34567892",
    "Name": "Mike",
    "Calendar-Entries": [
      {
        "uid": "c2d3e4f5-a7b8-7892-ab12-cdef34567898",
        "startdate": "2024-12-05T09:00:00.000Z",
        "enddate": "2024-12-05T10:00:00.000Z",
        "title": "Work 5",
        "description": "Doctor's Appointment",
        "length": "0"
      },
      {
        "uid": "d2e3f4a5-b7c8-7893-ab12-cdef34567899",
        "startdate": "2024-12-07T18:30:00.000Z",
        "enddate": "2024-12-07T19:30:00.000Z",
        "title": "Work 6",
        "description": "Dinner with Family",
        "length": "0"
      },
      {
        "uid": "beba64c3-ca6c-4f0f-851c-d006c1eb1474",
        "startdate": "2024-12-17T08:30:00.000Z",
        "enddate": "2024-12-17T09:00:00.000Z",
        "title": "The Jefferson",
        "description": "Snake Bite and Bike thing",
        "length": "0"
      }
    ],
    "color": "bg-purple-500"
  },
  {
    "AccountID": "d1e2f3a4-b5c6-789d-ab12-cdef34567893",
    "Name": "Anna",
    "Calendar-Entries": [
      {
        "uid": "e2f3a4b5-c7d8-7894-ab12-cdef3456789a",
        "startdate": "2024-12-15T13:00:00.000Z",
        "enddate": "2024-12-15T14:00:00.000Z",
        "title": "Work 7",
        "description": "Lunch with Friends",
        "length": "0"
      },
      {
        "uid": "f2a3b4c5-d7e8-7895-ab12-cdef3456789b",
        "startdate": "2024-12-21T11:30:00.000Z",
        "enddate": "2024-12-21T12:30:00.000Z",
        "title": "Work 8",
        "description": "Conference Call",
        "length": "0"
      }
    ],
    "color": "bg-orange-500"
  }
]
[2024-12-27 18:47:02.282] (INFO) - api/calendar/route.ts - Events content: [
  {
    "id": "e1f2a3b4-c5d6-789e-ab12-cdef34567894",
    "title": "Work 1",
    "description": "Buy Cake",
    "start": "2024-12-01T15:30:00.000Z",
    "end": "2024-12-01T16:30:00.000Z",
    "accountId": "a1b2c3d4-e5f6-7890-ab12-cdef34567890",
    "accountName": "Jan",
    "color": "bg-blue-500"
  },
  {
    "id": "f1a2b3c4-d5e6-789f-ab12-cdef34567895",
    "title": "Work 2",
    "description": "Study",
    "start": "2024-12-11T08:30:00.000Z",
    "end": "2024-12-11T09:30:00.000Z",
    "accountId": "a1b2c3d4-e5f6-7890-ab12-cdef34567890",
    "accountName": "Jan",
    "color": "bg-blue-500"
  },
  {
    "id": "96da3088-fea8-4d13-a66a-b7f80eae348a",
    "title": "Jan Test smart",
    "description": "description",
    "start": "2024-12-16T11:00:00.000Z",
    "end": "2024-12-16T11:30:00.000Z",
    "accountId": "a1b2c3d4-e5f6-7890-ab12-cdef34567890",
    "accountName": "Jan",
    "color": "bg-blue-500"
  },
  {
    "id": "70c2d9b3-b5d1-45d6-965d-47624bc88f22",
    "title": "Test",
    "description": "Heya There",
    "start": "2024-12-25T11:00:00.000Z",
    "end": "2024-12-25T12:00:00.000Z",
    "accountId": "a1b2c3d4-e5f6-7890-ab12-cdef34567890",
    "accountName": "Jan",
    "color": "bg-blue-500"
  },
  {
    "id": "4313bb55-bb05-4c0e-8bf5-15d62619de51",
    "title": "Jeff Guy knee injury",
    "description": "description",
    "start": "2024-12-26T17:00:00.000Z",
    "end": "2024-12-26T18:00:00.000Z",
    "accountId": "b1c2d3e4-f5a6-789b-ab12-cdef34567891",
    "accountName": "Sara",
    "color": "bg-green-500"
  },
  {
    "id": "d9774500-fb5d-4872-9ff5-c2cf0e4c393b",
    "title": "titlle",
    "description": "desc",
    "start": "2024-12-19T08:30:00.000Z",
    "end": "2024-12-19T14:00:00.000Z",
    "accountId": "b1c2d3e4-f5a6-789b-ab12-cdef34567891",
    "accountName": "Sara",
    "color": "bg-green-500"
  },
  {
    "id": "c2d3e4f5-a7b8-7892-ab12-cdef34567898",
    "title": "Work 5",
    "description": "Doctor's Appointment",
    "start": "2024-12-05T09:00:00.000Z",
    "end": "2024-12-05T10:00:00.000Z",
    "accountId": "c1d2e3f4-a5b6-789c-ab12-cdef34567892",
    "accountName": "Mike",
    "color": "bg-purple-500"
  },
  {
    "id": "d2e3f4a5-b7c8-7893-ab12-cdef34567899",
    "title": "Work 6",
    "description": "Dinner with Family",
    "start": "2024-12-07T18:30:00.000Z",
    "end": "2024-12-07T19:30:00.000Z",
    "accountId": "c1d2e3f4-a5b6-789c-ab12-cdef34567892",
    "accountName": "Mike",
    "color": "bg-purple-500"
  },
  {
    "id": "beba64c3-ca6c-4f0f-851c-d006c1eb1474",
    "title": "The Jefferson",
    "description": "Snake Bite and Bike thing",
    "start": "2024-12-17T08:30:00.000Z",
    "end": "2024-12-17T09:00:00.000Z",
    "accountId": "c1d2e3f4-a5b6-789c-ab12-cdef34567892",
    "accountName": "Mike",
    "color": "bg-purple-500"
  },
  {
    "id": "e2f3a4b5-c7d8-7894-ab12-cdef3456789a",
    "title": "Work 7",
    "description": "Lunch with Friends",
    "start": "2024-12-15T13:00:00.000Z",
    "end": "2024-12-15T14:00:00.000Z",
    "accountId": "d1e2f3a4-b5c6-789d-ab12-cdef34567893",
    "accountName": "Anna",
    "color": "bg-orange-500"
  },
  {
    "id": "f2a3b4c5-d7e8-7895-ab12-cdef3456789b",
    "title": "Work 8",
    "description": "Conference Call",
    "start": "2024-12-21T11:30:00.000Z",
    "end": "2024-12-21T12:30:00.000Z",
    "accountId": "d1e2f3a4-b5c6-789d-ab12-cdef34567893",
    "accountName": "Anna",
    "color": "bg-orange-500"
  }
]
[2024-12-27 18:47:02.286] (DEBUG) - api/calendar/route.ts - Transformed 11 calendar events
[2024-12-27 18:47:02.287] (INFO) - api/calendar/route.ts - Calendar data successfully retrieved
[2024-12-27 18:48:17.360] (INFO) - api/calendar/route.ts - Calendar API request received
[2024-12-27 18:48:17.367] (DEBUG) - api/calendar/route.ts - Database connection successful
[2024-12-27 18:48:17.372] (DEBUG) - api/calendar/route.ts - Fetching active users
[2024-12-27 18:48:17.936] (DEBUG) - api/calendar/route.ts - Found 4 active users
[2024-12-27 18:48:17.939] (DEBUG) - api/calendar/route.ts - Fetching calendar entries for users
[2024-12-27 18:48:18.549] (DEBUG) - api/calendar/route.ts - Found 12 calendar entries
[2024-12-27 18:48:18.552] (DEBUG) - api/calendar/route.ts - Grouping calendar entries by user
[2024-12-27 18:48:18.553] (DEBUG) - api/calendar/route.ts - User calendar map content: {
  "a1b2c3d4-e5f6-7890-ab12-cdef34567890": [
    {
      "uid": "e1f2a3b4-c5d6-789e-ab12-cdef34567894",
      "user_uid": "a1b2c3d4-e5f6-7890-ab12-cdef34567890",
      "startdate": "2024-12-01T15:30:00.000Z",
      "enddate": "2024-12-01T16:30:00.000Z",
      "description": "Buy Cake",
      "title": "Work 1"
    },
    {
      "uid": "f1a2b3c4-d5e6-789f-ab12-cdef34567895",
      "user_uid": "a1b2c3d4-e5f6-7890-ab12-cdef34567890",
      "startdate": "2024-12-11T08:30:00.000Z",
      "enddate": "2024-12-11T09:30:00.000Z",
      "description": "Study",
      "title": "Work 2"
    },
    {
      "uid": "96da3088-fea8-4d13-a66a-b7f80eae348a",
      "user_uid": "a1b2c3d4-e5f6-7890-ab12-cdef34567890",
      "startdate": "2024-12-16T11:00:00.000Z",
      "enddate": "2024-12-16T11:30:00.000Z",
      "description": "description",
      "title": "Jan Test smart"
    },
    {
      "uid": "70c2d9b3-b5d1-45d6-965d-47624bc88f22",
      "user_uid": "a1b2c3d4-e5f6-7890-ab12-cdef34567890",
      "startdate": "2024-12-25T11:00:00.000Z",
      "enddate": "2024-12-25T12:00:00.000Z",
      "description": "Heya There",
      "title": "Test"
    },
    {
      "uid": "fd7b43ff-a401-4a68-824a-5fe8f47850df",
      "user_uid": "a1b2c3d4-e5f6-7890-ab12-cdef34567890",
      "startdate": "2024-12-27T18:30:00.000Z",
      "enddate": "2024-12-27T20:00:00.000Z",
      "description": "Sit en werk by die Dam",
      "title": "Vis Vang"
    }
  ],
  "c1d2e3f4-a5b6-789c-ab12-cdef34567892": [
    {
      "uid": "c2d3e4f5-a7b8-7892-ab12-cdef34567898",
      "user_uid": "c1d2e3f4-a5b6-789c-ab12-cdef34567892",
      "startdate": "2024-12-05T09:00:00.000Z",
      "enddate": "2024-12-05T10:00:00.000Z",
      "description": "Doctor's Appointment",
      "title": "Work 5"
    },
    {
      "uid": "d2e3f4a5-b7c8-7893-ab12-cdef34567899",
      "user_uid": "c1d2e3f4-a5b6-789c-ab12-cdef34567892",
      "startdate": "2024-12-07T18:30:00.000Z",
      "enddate": "2024-12-07T19:30:00.000Z",
      "description": "Dinner with Family",
      "title": "Work 6"
    },
    {
      "uid": "beba64c3-ca6c-4f0f-851c-d006c1eb1474",
      "user_uid": "c1d2e3f4-a5b6-789c-ab12-cdef34567892",
      "startdate": "2024-12-17T08:30:00.000Z",
      "enddate": "2024-12-17T09:00:00.000Z",
      "description": "Snake Bite and Bike thing",
      "title": "The Jefferson"
    }
  ],
  "d1e2f3a4-b5c6-789d-ab12-cdef34567893": [
    {
      "uid": "e2f3a4b5-c7d8-7894-ab12-cdef3456789a",
      "user_uid": "d1e2f3a4-b5c6-789d-ab12-cdef34567893",
      "startdate": "2024-12-15T13:00:00.000Z",
      "enddate": "2024-12-15T14:00:00.000Z",
      "description": "Lunch with Friends",
      "title": "Work 7"
    },
    {
      "uid": "f2a3b4c5-d7e8-7895-ab12-cdef3456789b",
      "user_uid": "d1e2f3a4-b5c6-789d-ab12-cdef34567893",
      "startdate": "2024-12-21T11:30:00.000Z",
      "enddate": "2024-12-21T12:30:00.000Z",
      "description": "Conference Call",
      "title": "Work 8"
    }
  ],
  "b1c2d3e4-f5a6-789b-ab12-cdef34567891": [
    {
      "uid": "4313bb55-bb05-4c0e-8bf5-15d62619de51",
      "user_uid": "b1c2d3e4-f5a6-789b-ab12-cdef34567891",
      "startdate": "2024-12-26T17:00:00.000Z",
      "enddate": "2024-12-26T18:00:00.000Z",
      "description": "description",
      "title": "Jeff Guy knee injury"
    },
    {
      "uid": "d9774500-fb5d-4872-9ff5-c2cf0e4c393b",
      "user_uid": "b1c2d3e4-f5a6-789b-ab12-cdef34567891",
      "startdate": "2024-12-19T08:30:00.000Z",
      "enddate": "2024-12-19T14:00:00.000Z",
      "description": "desc",
      "title": "titlle"
    }
  ]
}
[2024-12-27 18:48:18.554] (DEBUG) - api/calendar/route.ts - Transforming data to required format
[2024-12-27 18:48:18.559] (DEBUG) - api/calendar/route.ts - Accounts content: [
  {
    "AccountID": "a1b2c3d4-e5f6-7890-ab12-cdef34567890",
    "Name": "Jan",
    "Calendar-Entries": [
      {
        "uid": "e1f2a3b4-c5d6-789e-ab12-cdef34567894",
        "startdate": "2024-12-01T15:30:00.000Z",
        "enddate": "2024-12-01T16:30:00.000Z",
        "title": "Work 1",
        "description": "Buy Cake",
        "length": "0"
      },
      {
        "uid": "f1a2b3c4-d5e6-789f-ab12-cdef34567895",
        "startdate": "2024-12-11T08:30:00.000Z",
        "enddate": "2024-12-11T09:30:00.000Z",
        "title": "Work 2",
        "description": "Study",
        "length": "0"
      },
      {
        "uid": "96da3088-fea8-4d13-a66a-b7f80eae348a",
        "startdate": "2024-12-16T11:00:00.000Z",
        "enddate": "2024-12-16T11:30:00.000Z",
        "title": "Jan Test smart",
        "description": "description",
        "length": "0"
      },
      {
        "uid": "70c2d9b3-b5d1-45d6-965d-47624bc88f22",
        "startdate": "2024-12-25T11:00:00.000Z",
        "enddate": "2024-12-25T12:00:00.000Z",
        "title": "Test",
        "description": "Heya There",
        "length": "0"
      },
      {
        "uid": "fd7b43ff-a401-4a68-824a-5fe8f47850df",
        "startdate": "2024-12-27T18:30:00.000Z",
        "enddate": "2024-12-27T20:00:00.000Z",
        "title": "Vis Vang",
        "description": "Sit en werk by die Dam",
        "length": "0"
      }
    ],
    "color": "bg-blue-500"
  },
  {
    "AccountID": "b1c2d3e4-f5a6-789b-ab12-cdef34567891",
    "Name": "Sara",
    "Calendar-Entries": [
      {
        "uid": "4313bb55-bb05-4c0e-8bf5-15d62619de51",
        "startdate": "2024-12-26T17:00:00.000Z",
        "enddate": "2024-12-26T18:00:00.000Z",
        "title": "Jeff Guy knee injury",
        "description": "description",
        "length": "0"
      },
      {
        "uid": "d9774500-fb5d-4872-9ff5-c2cf0e4c393b",
        "startdate": "2024-12-19T08:30:00.000Z",
        "enddate": "2024-12-19T14:00:00.000Z",
        "title": "titlle",
        "description": "desc",
        "length": "0"
      }
    ],
    "color": "bg-green-500"
  },
  {
    "AccountID": "c1d2e3f4-a5b6-789c-ab12-cdef34567892",
    "Name": "Mike",
    "Calendar-Entries": [
      {
        "uid": "c2d3e4f5-a7b8-7892-ab12-cdef34567898",
        "startdate": "2024-12-05T09:00:00.000Z",
        "enddate": "2024-12-05T10:00:00.000Z",
        "title": "Work 5",
        "description": "Doctor's Appointment",
        "length": "0"
      },
      {
        "uid": "d2e3f4a5-b7c8-7893-ab12-cdef34567899",
        "startdate": "2024-12-07T18:30:00.000Z",
        "enddate": "2024-12-07T19:30:00.000Z",
        "title": "Work 6",
        "description": "Dinner with Family",
        "length": "0"
      },
      {
        "uid": "beba64c3-ca6c-4f0f-851c-d006c1eb1474",
        "startdate": "2024-12-17T08:30:00.000Z",
        "enddate": "2024-12-17T09:00:00.000Z",
        "title": "The Jefferson",
        "description": "Snake Bite and Bike thing",
        "length": "0"
      }
    ],
    "color": "bg-purple-500"
  },
  {
    "AccountID": "d1e2f3a4-b5c6-789d-ab12-cdef34567893",
    "Name": "Anna",
    "Calendar-Entries": [
      {
        "uid": "e2f3a4b5-c7d8-7894-ab12-cdef3456789a",
        "startdate": "2024-12-15T13:00:00.000Z",
        "enddate": "2024-12-15T14:00:00.000Z",
        "title": "Work 7",
        "description": "Lunch with Friends",
        "length": "0"
      },
      {
        "uid": "f2a3b4c5-d7e8-7895-ab12-cdef3456789b",
        "startdate": "2024-12-21T11:30:00.000Z",
        "enddate": "2024-12-21T12:30:00.000Z",
        "title": "Work 8",
        "description": "Conference Call",
        "length": "0"
      }
    ],
    "color": "bg-orange-500"
  }
]
[2024-12-27 18:48:18.561] (INFO) - api/calendar/route.ts - Events content: [
  {
    "id": "e1f2a3b4-c5d6-789e-ab12-cdef34567894",
    "title": "Work 1",
    "description": "Buy Cake",
    "start": "2024-12-01T15:30:00.000Z",
    "end": "2024-12-01T16:30:00.000Z",
    "accountId": "a1b2c3d4-e5f6-7890-ab12-cdef34567890",
    "accountName": "Jan",
    "color": "bg-blue-500"
  },
  {
    "id": "f1a2b3c4-d5e6-789f-ab12-cdef34567895",
    "title": "Work 2",
    "description": "Study",
    "start": "2024-12-11T08:30:00.000Z",
    "end": "2024-12-11T09:30:00.000Z",
    "accountId": "a1b2c3d4-e5f6-7890-ab12-cdef34567890",
    "accountName": "Jan",
    "color": "bg-blue-500"
  },
  {
    "id": "96da3088-fea8-4d13-a66a-b7f80eae348a",
    "title": "Jan Test smart",
    "description": "description",
    "start": "2024-12-16T11:00:00.000Z",
    "end": "2024-12-16T11:30:00.000Z",
    "accountId": "a1b2c3d4-e5f6-7890-ab12-cdef34567890",
    "accountName": "Jan",
    "color": "bg-blue-500"
  },
  {
    "id": "70c2d9b3-b5d1-45d6-965d-47624bc88f22",
    "title": "Test",
    "description": "Heya There",
    "start": "2024-12-25T11:00:00.000Z",
    "end": "2024-12-25T12:00:00.000Z",
    "accountId": "a1b2c3d4-e5f6-7890-ab12-cdef34567890",
    "accountName": "Jan",
    "color": "bg-blue-500"
  },
  {
    "id": "fd7b43ff-a401-4a68-824a-5fe8f47850df",
    "title": "Vis Vang",
    "description": "Sit en werk by die Dam",
    "start": "2024-12-27T18:30:00.000Z",
    "end": "2024-12-27T20:00:00.000Z",
    "accountId": "a1b2c3d4-e5f6-7890-ab12-cdef34567890",
    "accountName": "Jan",
    "color": "bg-blue-500"
  },
  {
    "id": "4313bb55-bb05-4c0e-8bf5-15d62619de51",
    "title": "Jeff Guy knee injury",
    "description": "description",
    "start": "2024-12-26T17:00:00.000Z",
    "end": "2024-12-26T18:00:00.000Z",
    "accountId": "b1c2d3e4-f5a6-789b-ab12-cdef34567891",
    "accountName": "Sara",
    "color": "bg-green-500"
  },
  {
    "id": "d9774500-fb5d-4872-9ff5-c2cf0e4c393b",
    "title": "titlle",
    "description": "desc",
    "start": "2024-12-19T08:30:00.000Z",
    "end": "2024-12-19T14:00:00.000Z",
    "accountId": "b1c2d3e4-f5a6-789b-ab12-cdef34567891",
    "accountName": "Sara",
    "color": "bg-green-500"
  },
  {
    "id": "c2d3e4f5-a7b8-7892-ab12-cdef34567898",
    "title": "Work 5",
    "description": "Doctor's Appointment",
    "start": "2024-12-05T09:00:00.000Z",
    "end": "2024-12-05T10:00:00.000Z",
    "accountId": "c1d2e3f4-a5b6-789c-ab12-cdef34567892",
    "accountName": "Mike",
    "color": "bg-purple-500"
  },
  {
    "id": "d2e3f4a5-b7c8-7893-ab12-cdef34567899",
    "title": "Work 6",
    "description": "Dinner with Family",
    "start": "2024-12-07T18:30:00.000Z",
    "end": "2024-12-07T19:30:00.000Z",
    "accountId": "c1d2e3f4-a5b6-789c-ab12-cdef34567892",
    "accountName": "Mike",
    "color": "bg-purple-500"
  },
  {
    "id": "beba64c3-ca6c-4f0f-851c-d006c1eb1474",
    "title": "The Jefferson",
    "description": "Snake Bite and Bike thing",
    "start": "2024-12-17T08:30:00.000Z",
    "end": "2024-12-17T09:00:00.000Z",
    "accountId": "c1d2e3f4-a5b6-789c-ab12-cdef34567892",
    "accountName": "Mike",
    "color": "bg-purple-500"
  },
  {
    "id": "e2f3a4b5-c7d8-7894-ab12-cdef3456789a",
    "title": "Work 7",
    "description": "Lunch with Friends",
    "start": "2024-12-15T13:00:00.000Z",
    "end": "2024-12-15T14:00:00.000Z",
    "accountId": "d1e2f3a4-b5c6-789d-ab12-cdef34567893",
    "accountName": "Anna",
    "color": "bg-orange-500"
  },
  {
    "id": "f2a3b4c5-d7e8-7895-ab12-cdef3456789b",
    "title": "Work 8",
    "description": "Conference Call",
    "start": "2024-12-21T11:30:00.000Z",
    "end": "2024-12-21T12:30:00.000Z",
    "accountId": "d1e2f3a4-b5c6-789d-ab12-cdef34567893",
    "accountName": "Anna",
    "color": "bg-orange-500"
  }
]
[2024-12-27 18:48:18.563] (DEBUG) - api/calendar/route.ts - Transformed 12 calendar events
[2024-12-27 18:48:18.565] (INFO) - api/calendar/route.ts - Calendar data successfully retrieved
