[2024-12-16 12:36:43.007] (INFO) - api/calendar/route.ts - Calendar API request received
[2024-12-16 12:36:44.372] (DEBUG) - api/calendar/route.ts - Database connection successful
[2024-12-16 12:36:44.374] (DEBUG) - api/calendar/route.ts - Fetching active users
[2024-12-16 12:36:44.735] (DEBUG) - api/calendar/route.ts - Found 4 active users
[2024-12-16 12:36:44.736] (DEBUG) - api/calendar/route.ts - Fetching calendar entries for users
[2024-12-16 12:36:45.095] (DEBUG) - api/calendar/route.ts - Found 10 calendar entries
[2024-12-16 12:36:45.098] (DEBUG) - api/calendar/route.ts - Grouping calendar entries by user
[2024-12-16 12:36:45.100] (DEBUG) - api/calendar/route.ts - Transforming data to required format
[2024-12-16 12:36:45.102] (INFO) - api/calendar/route.ts - Events content: [
  {
    "id": "a1b2c3d4-e5f6-7890-ab12-cdef34567890-0",
    "title": "Buy Cake",
    "start": "2024-12-01T15:30:00.000Z",
    "end": "2024-12-01T16:30:00.000Z",
    "accountId": "a1b2c3d4-e5f6-7890-ab12-cdef34567890",
    "accountName": "Jan",
    "color": "bg-blue-500"
  },
  {
    "id": "a1b2c3d4-e5f6-7890-ab12-cdef34567890-1",
    "title": "Study",
    "start": "2024-12-11T08:30:00.000Z",
    "end": "2024-12-11T09:30:00.000Z",
    "accountId": "a1b2c3d4-e5f6-7890-ab12-cdef34567890",
    "accountName": "Jan",
    "color": "bg-blue-500"
  },
  {
    "id": "a1b2c3d4-e5f6-7890-ab12-cdef34567890-2",
    "title": "This is Tests",
    "start": "2024-12-16T11:00:00.000Z",
    "end": "2024-12-16T11:30:00.000Z",
    "accountId": "a1b2c3d4-e5f6-7890-ab12-cdef34567890",
    "accountName": "Jan",
    "color": "bg-blue-500"
  },
  {
    "id": "b1c2d3e4-f5a6-789b-ab12-cdef34567891-0",
    "title": "Yoga Class",
    "start": "2024-11-23T10:00:00.000Z",
    "end": "2024-11-23T11:00:00.000Z",
    "accountId": "b1c2d3e4-f5a6-789b-ab12-cdef34567891",
    "accountName": "Sara",
    "color": "bg-green-500"
  },
  {
    "id": "b1c2d3e4-f5a6-789b-ab12-cdef34567891-1",
    "title": "Team Meeting",
    "start": "2024-11-30T14:00:00.000Z",
    "end": "2024-11-30T15:00:00.000Z",
    "accountId": "b1c2d3e4-f5a6-789b-ab12-cdef34567891",
    "accountName": "Sara",
    "color": "bg-green-500"
  },
  {
    "id": "b1c2d3e4-f5a6-789b-ab12-cdef34567891-2",
    "title": "wewe",
    "start": "2024-12-17T11:30:00.000Z",
    "end": "2024-12-17T12:30:00.000Z",
    "accountId": "b1c2d3e4-f5a6-789b-ab12-cdef34567891",
    "accountName": "Sara",
    "color": "bg-green-500"
  },
  {
    "id": "c1d2e3f4-a5b6-789c-ab12-cdef34567892-0",
    "title": "Doctor's Appointment",
    "start": "2024-12-05T09:00:00.000Z",
    "end": "2024-12-05T10:00:00.000Z",
    "accountId": "c1d2e3f4-a5b6-789c-ab12-cdef34567892",
    "accountName": "Mike",
    "color": "bg-purple-500"
  },
  {
    "id": "c1d2e3f4-a5b6-789c-ab12-cdef34567892-1",
    "title": "Dinner with Family",
    "start": "2024-12-07T18:30:00.000Z",
    "end": "2024-12-07T19:30:00.000Z",
    "accountId": "c1d2e3f4-a5b6-789c-ab12-cdef34567892",
    "accountName": "Mike",
    "color": "bg-purple-500"
  },
  {
    "id": "d1e2f3a4-b5c6-789d-ab12-cdef34567893-0",
    "title": "Lunch with Friends",
    "start": "2024-12-15T13:00:00.000Z",
    "end": "2024-12-15T14:00:00.000Z",
    "accountId": "d1e2f3a4-b5c6-789d-ab12-cdef34567893",
    "accountName": "Anna",
    "color": "bg-orange-500"
  },
  {
    "id": "d1e2f3a4-b5c6-789d-ab12-cdef34567893-1",
    "title": "Conference Call",
    "start": "2024-12-21T11:30:00.000Z",
    "end": "2024-12-21T12:30:00.000Z",
    "accountId": "d1e2f3a4-b5c6-789d-ab12-cdef34567893",
    "accountName": "Anna",
    "color": "bg-orange-500"
  }
]
[2024-12-16 12:36:45.103] (DEBUG) - api/calendar/route.ts - Transformed 10 calendar events
[2024-12-16 12:36:45.105] (INFO) - api/calendar/route.ts - Calendar data successfully retrieved
[2024-12-16 12:36:45.113] (DEBUG) - api/calendar/route.ts - Database connection closed
[2024-12-16 12:37:02.430] (INFO) - appointments.ts - Delete appointment called with ID: a1b2c3d4-e5f6-7890-ab12-cdef34567890-2
[2024-12-16 12:37:04.050] (ERROR) - appointments.ts - Error deleting appointment: 
Invalid `__TURBOPACK__imported__module__$5b$project$5d2f$app$2f$lib$2f$prisma$2e$ts__$5b$app$2d$rsc$5d$__$28$ecmascript$29$__["default"].user_calendar_entries.findUnique()` invocation in
C:\Projects\Jan_Personal\digifile\digifile-app\.next\server\chunks\ssr\[root of the server]__5f8790._.js:338:185

  335 }
  336 try {
  337     // Verify the appointment exists first
→ 338     const appointment = await __TURBOPACK__imported__module__$5b$project$5d2f$app$2f$lib$2f$prisma$2e$ts__$5b$app$2d$rsc$5d$__$28$ecmascript$29$__["default"].user_calendar_entries.findUnique(
Inconsistent column data: Error creating UUID, invalid group count: expected 5, found 6
[2024-12-16 12:38:19.496] (INFO) - api/calendar/route.ts - Calendar API request received
[2024-12-16 12:38:19.496] (DEBUG) - api/calendar/route.ts - Database connection successful
[2024-12-16 12:38:19.498] (DEBUG) - api/calendar/route.ts - Fetching active users
[2024-12-16 12:38:19.868] (DEBUG) - api/calendar/route.ts - Found 4 active users
[2024-12-16 12:38:19.870] (DEBUG) - api/calendar/route.ts - Fetching calendar entries for users
[2024-12-16 12:38:20.231] (DEBUG) - api/calendar/route.ts - Found 11 calendar entries
[2024-12-16 12:38:20.232] (DEBUG) - api/calendar/route.ts - Grouping calendar entries by user
[2024-12-16 12:38:20.233] (DEBUG) - api/calendar/route.ts - Transforming data to required format
[2024-12-16 12:38:20.234] (INFO) - api/calendar/route.ts - Events content: [
  {
    "id": "a1b2c3d4-e5f6-7890-ab12-cdef34567890-0",
    "title": "Buy Cake",
    "start": "2024-12-01T15:30:00.000Z",
    "end": "2024-12-01T16:30:00.000Z",
    "accountId": "a1b2c3d4-e5f6-7890-ab12-cdef34567890",
    "accountName": "Jan",
    "color": "bg-blue-500"
  },
  {
    "id": "a1b2c3d4-e5f6-7890-ab12-cdef34567890-1",
    "title": "Study",
    "start": "2024-12-11T08:30:00.000Z",
    "end": "2024-12-11T09:30:00.000Z",
    "accountId": "a1b2c3d4-e5f6-7890-ab12-cdef34567890",
    "accountName": "Jan",
    "color": "bg-blue-500"
  },
  {
    "id": "a1b2c3d4-e5f6-7890-ab12-cdef34567890-2",
    "title": "This is Tests",
    "start": "2024-12-16T11:00:00.000Z",
    "end": "2024-12-16T11:30:00.000Z",
    "accountId": "a1b2c3d4-e5f6-7890-ab12-cdef34567890",
    "accountName": "Jan",
    "color": "bg-blue-500"
  },
  {
    "id": "b1c2d3e4-f5a6-789b-ab12-cdef34567891-0",
    "title": "Yoga Class",
    "start": "2024-11-23T10:00:00.000Z",
    "end": "2024-11-23T11:00:00.000Z",
    "accountId": "b1c2d3e4-f5a6-789b-ab12-cdef34567891",
    "accountName": "Sara",
    "color": "bg-green-500"
  },
  {
    "id": "b1c2d3e4-f5a6-789b-ab12-cdef34567891-1",
    "title": "Team Meeting",
    "start": "2024-11-30T14:00:00.000Z",
    "end": "2024-11-30T15:00:00.000Z",
    "accountId": "b1c2d3e4-f5a6-789b-ab12-cdef34567891",
    "accountName": "Sara",
    "color": "bg-green-500"
  },
  {
    "id": "b1c2d3e4-f5a6-789b-ab12-cdef34567891-2",
    "title": "wewe",
    "start": "2024-12-17T11:30:00.000Z",
    "end": "2024-12-17T12:30:00.000Z",
    "accountId": "b1c2d3e4-f5a6-789b-ab12-cdef34567891",
    "accountName": "Sara",
    "color": "bg-green-500"
  },
  {
    "id": "b1c2d3e4-f5a6-789b-ab12-cdef34567891-3",
    "title": "description",
    "start": "2024-12-16T11:00:00.000Z",
    "end": "2024-12-16T12:00:00.000Z",
    "accountId": "b1c2d3e4-f5a6-789b-ab12-cdef34567891",
    "accountName": "Sara",
    "color": "bg-green-500"
  },
  {
    "id": "c1d2e3f4-a5b6-789c-ab12-cdef34567892-0",
    "title": "Doctor's Appointment",
    "start": "2024-12-05T09:00:00.000Z",
    "end": "2024-12-05T10:00:00.000Z",
    "accountId": "c1d2e3f4-a5b6-789c-ab12-cdef34567892",
    "accountName": "Mike",
    "color": "bg-purple-500"
  },
  {
    "id": "c1d2e3f4-a5b6-789c-ab12-cdef34567892-1",
    "title": "Dinner with Family",
    "start": "2024-12-07T18:30:00.000Z",
    "end": "2024-12-07T19:30:00.000Z",
    "accountId": "c1d2e3f4-a5b6-789c-ab12-cdef34567892",
    "accountName": "Mike",
    "color": "bg-purple-500"
  },
  {
    "id": "d1e2f3a4-b5c6-789d-ab12-cdef34567893-0",
    "title": "Lunch with Friends",
    "start": "2024-12-15T13:00:00.000Z",
    "end": "2024-12-15T14:00:00.000Z",
    "accountId": "d1e2f3a4-b5c6-789d-ab12-cdef34567893",
    "accountName": "Anna",
    "color": "bg-orange-500"
  },
  {
    "id": "d1e2f3a4-b5c6-789d-ab12-cdef34567893-1",
    "title": "Conference Call",
    "start": "2024-12-21T11:30:00.000Z",
    "end": "2024-12-21T12:30:00.000Z",
    "accountId": "d1e2f3a4-b5c6-789d-ab12-cdef34567893",
    "accountName": "Anna",
    "color": "bg-orange-500"
  }
]
[2024-12-16 12:38:20.235] (DEBUG) - api/calendar/route.ts - Transformed 11 calendar events
[2024-12-16 12:38:20.236] (INFO) - api/calendar/route.ts - Calendar data successfully retrieved
[2024-12-16 12:38:20.248] (DEBUG) - api/calendar/route.ts - Database connection closed
