Logger initialized
[2025-08-24 08:17:57.723] (INFO) - actions/files.ts - Fetching files for orgId=d290f1ee-6c54-4b01-90e6-d701748f0851
Logger initialized
[2025-08-24 08:21:32.105] (INFO) - actions/files.ts - Fetching files for orgId=d290f1ee-6c54-4b01-90e6-d701748f0851
[2025-08-24 08:21:34.665] (INFO) - actions/files.ts - Returning 3 files
[2025-08-24 08:21:51.956] (INFO) - actions/files.ts - Fetching files for orgId=d290f1ee-6c54-4b01-90e6-d701748f0851
[2025-08-24 08:21:52.350] (INFO) - actions/files.ts - Returning 3 files
Logger initialized
[2025-08-24 08:23:37.203] (INFO) - api/files/[uid]/db_read.ts - Getting file data for UID: becdd037-4797-486a-a005-6cc69e568983
[2025-08-24 08:23:39.833] (DEBUG) - api/files/[uid]/db_read.ts - 🏥 API: Fetched 2 medical schemes
[2025-08-24 08:23:39.834] (INFO) - api/files/[uid]/db_read.ts - 🏢 API: Fetching file with UID: becdd037-4797-486a-a005-6cc69e568983
[2025-08-24 08:23:41.829] (DEBUG) - api/files/[uid]/db_read.ts - 📝 API: Fetched 0 file notes and 0 clinical notes
[2025-08-24 08:23:41.829] (INFO) - api/files/[uid]/db_read.ts - ✅ API: File data retrieved successfully
[2025-08-24 08:23:41.830] (DEBUG) - api/files/[uid]/db_read.ts - {
  "uid": "becdd037-4797-486a-a005-6cc69e568983",
  "file_number": "F20253878",
  "account_number": "A791342",
  "patient": {
    "id": "7812121234567",
    "title": "Mrs",
    "name": "bob",
    "initials": "B.D.",
    "surname": "de may",
    "dob": "1978/12/09",
    "gender": "female",
    "cell_phone": "1231231234",
    "additional_name": "",
    "additional_cell": "",
    "email": "",
    "address": ""
  },
  "medical_cover": {
    "type": "medical-aid",
    "same_as_patient": true,
    "member": {
      "id": "",
      "name": "",
      "initials": "",
      "surname": "",
      "dob": "",
      "cell": "",
      "email": "",
      "address": ""
    },
    "medical_aid": {
      "scheme_id": "8f58a215-d564-49c0-95b2-40e0c9ecf815",
      "name": "Discovery",
      "membership_number": "4444",
      "dependent_code": "hjdhydhyd"
    },
    "injury_on_duty": {
      "company_name": "",
      "contact_person": "",
      "contact_number": "",
      "contact_email": ""
    }
  },
  "notes": {
    "file_notes": [],
    "clinical_notes": []
  },
  "medical_schemes": [
    {
      "uid": "8f58a215-d564-49c0-95b2-40e0c9ecf815",
      "scheme_name": "Discovery"
    },
    {
      "uid": "3e5e55cf-4ef3-4a08-be9d-51316a63ad25",
      "scheme_name": "Momentum"
    }
  ]
}
Logger initialized
[2025-08-24 08:29:20.716] (INFO) - api/files/[uid]/db_read.ts - Getting file data for UID: becdd037-4797-486a-a005-6cc69e568983
[2025-08-24 08:29:23.175] (DEBUG) - api/files/[uid]/db_read.ts - 🏥 API: Fetched 2 medical schemes
[2025-08-24 08:29:23.175] (INFO) - api/files/[uid]/db_read.ts - 🏢 API: Fetching file with UID: becdd037-4797-486a-a005-6cc69e568983
[2025-08-24 08:29:25.325] (DEBUG) - api/files/[uid]/db_read.ts - 📝 API: Fetched 0 file notes and 0 clinical notes
[2025-08-24 08:29:25.326] (INFO) - api/files/[uid]/db_read.ts - ✅ API: File data retrieved successfully
[2025-08-24 08:29:25.327] (DEBUG) - api/files/[uid]/db_read.ts - {
  "uid": "becdd037-4797-486a-a005-6cc69e568983",
  "file_number": "F20253878",
  "account_number": "A791342",
  "patient": {
    "id": "7812121234567",
    "title": "Mrs",
    "name": "bob",
    "initials": "B.D.",
    "surname": "de may",
    "dob": "1978/12/09",
    "gender": "female",
    "cell_phone": "1231231234",
    "additional_name": "",
    "additional_cell": "",
    "email": "",
    "address": ""
  },
  "medical_cover": {
    "type": "medical-aid",
    "same_as_patient": true,
    "member": {
      "id": "",
      "name": "",
      "initials": "",
      "surname": "",
      "dob": "",
      "cell": "",
      "email": "",
      "address": ""
    },
    "medical_aid": {
      "scheme_id": "8f58a215-d564-49c0-95b2-40e0c9ecf815",
      "name": "Discovery",
      "membership_number": "4444",
      "dependent_code": "hjdhydhyd"
    },
    "injury_on_duty": {
      "company_name": "",
      "contact_person": "",
      "contact_number": "",
      "contact_email": ""
    }
  },
  "notes": {
    "file_notes": [],
    "clinical_notes": []
  },
  "medical_schemes": [
    {
      "uid": "8f58a215-d564-49c0-95b2-40e0c9ecf815",
      "scheme_name": "Discovery"
    },
    {
      "uid": "3e5e55cf-4ef3-4a08-be9d-51316a63ad25",
      "scheme_name": "Momentum"
    }
  ]
}
Logger initialized
[2025-08-24 14:14:26.546] (INFO) - actions/files.ts - Fetching files for orgId=d290f1ee-6c54-4b01-90e6-d701748f0851
[2025-08-24 14:14:28.372] (INFO) - actions/files.ts - Returning 3 files
[2025-08-24 14:14:32.712] (INFO) - api/files/[uid]/db_read.ts - Getting file data for UID: be5097a3-000b-4d05-8e2d-bf7ea007205c
[2025-08-24 14:14:33.071] (DEBUG) - api/files/[uid]/db_read.ts - 🏥 API: Fetched 2 medical schemes
[2025-08-24 14:14:33.072] (INFO) - api/files/[uid]/db_read.ts - 🏢 API: Fetching file with UID: be5097a3-000b-4d05-8e2d-bf7ea007205c
[2025-08-24 14:14:34.885] (DEBUG) - api/files/[uid]/db_read.ts - 📝 API: Fetched 0 file notes and 0 clinical notes
[2025-08-24 14:14:34.886] (ERROR) - api/files/[uid]/db_read.ts - 💥 API: Error fetching file: isSameAsPatient is not defined
[2025-08-24 14:14:35.188] (INFO) - api/files/[uid]/db_read.ts - Getting file data for UID: be5097a3-000b-4d05-8e2d-bf7ea007205c
[2025-08-24 14:14:35.541] (DEBUG) - api/files/[uid]/db_read.ts - 🏥 API: Fetched 2 medical schemes
[2025-08-24 14:14:35.541] (INFO) - api/files/[uid]/db_read.ts - 🏢 API: Fetching file with UID: be5097a3-000b-4d05-8e2d-bf7ea007205c
[2025-08-24 14:14:37.729] (DEBUG) - api/files/[uid]/db_read.ts - 📝 API: Fetched 0 file notes and 0 clinical notes
[2025-08-24 14:14:37.729] (ERROR) - api/files/[uid]/db_read.ts - 💥 API: Error fetching file: isSameAsPatient is not defined
[2025-08-24 14:14:45.009] (INFO) - actions/files.ts - Fetching files for orgId=d290f1ee-6c54-4b01-90e6-d701748f0851
[2025-08-24 14:14:45.476] (INFO) - actions/files.ts - Returning 3 files
[2025-08-24 14:14:45.528] (INFO) - actions/files.ts - Fetching files for orgId=d290f1ee-6c54-4b01-90e6-d701748f0851
[2025-08-24 14:14:45.886] (INFO) - actions/files.ts - Returning 3 files
